[28-Mar-2021 12:32:11] NOTICE: fpm is running, pid 1093
[28-Mar-2021 12:32:11] NOTICE: ready to handle connections
[28-Mar-2021 12:52:29] NOTICE: Terminating ...
[28-Mar-2021 12:52:29] NOTICE: Terminating ...
[28-Mar-2021 12:52:29] NOTICE: exiting, bye-bye!
[28-Mar-2021 17:23:30] NOTICE: fpm is running, pid 893
[28-Mar-2021 17:23:30] NOTICE: ready to handle connections
[28-Mar-2021 21:32:28] NOTICE: Terminating ...
[28-Mar-2021 21:32:28] NOTICE: Terminating ...
[28-Mar-2021 21:32:28] NOTICE: exiting, bye-bye!
[29-Mar-2021 11:00:19] NOTICE: fpm is running, pid 624
[29-Mar-2021 11:00:19] NOTICE: ready to handle connections
[29-Mar-2021 11:41:02] NOTICE: Terminating ...
[29-Mar-2021 11:41:02] NOTICE: Terminating ...
[29-Mar-2021 11:41:02] NOTICE: exiting, bye-bye!
[29-Mar-2021 15:32:14] NOTICE: fpm is running, pid 1301
[29-Mar-2021 15:32:14] NOTICE: ready to handle connections
[29-Mar-2021 15:51:38] NOTICE: Terminating ...
[29-Mar-2021 15:51:38] NOTICE: Terminating ...
[29-Mar-2021 15:51:38] NOTICE: exiting, bye-bye!
[04-Apr-2021 19:56:41] NOTICE: fpm is running, pid 2520
[04-Apr-2021 19:56:41] NOTICE: ready to handle connections
[04-Apr-2021 21:37:49] NOTICE: Terminating ...
[04-Apr-2021 21:37:49] NOTICE: Terminating ...
[04-Apr-2021 21:37:49] NOTICE: exiting, bye-bye!
[05-Apr-2021 11:16:10] NOTICE: fpm is running, pid 813
[05-Apr-2021 11:16:10] NOTICE: ready to handle connections
[05-Apr-2021 11:44:29] NOTICE: Terminating ...
[05-Apr-2021 11:44:29] NOTICE: Terminating ...
[05-Apr-2021 11:44:29] NOTICE: exiting, bye-bye!
[05-Apr-2021 15:16:21] NOTICE: fpm is running, pid 664
[05-Apr-2021 15:16:21] NOTICE: ready to handle connections
[05-Apr-2021 15:40:23] NOTICE: Terminating ...
[05-Apr-2021 15:40:23] NOTICE: Terminating ...
[05-Apr-2021 15:40:23] NOTICE: exiting, bye-bye!
[06-Apr-2021 15:20:57] NOTICE: fpm is running, pid 609
[06-Apr-2021 15:20:57] NOTICE: ready to handle connections
[06-Apr-2021 15:48:53] NOTICE: Terminating ...
[06-Apr-2021 15:48:53] NOTICE: Terminating ...
[06-Apr-2021 15:48:53] NOTICE: exiting, bye-bye!
[07-Apr-2021 15:29:57] NOTICE: fpm is running, pid 1185
[07-Apr-2021 15:29:57] NOTICE: ready to handle connections
[07-Apr-2021 15:47:02] NOTICE: Terminating ...
[07-Apr-2021 15:47:02] NOTICE: Terminating ...
[07-Apr-2021 15:47:02] NOTICE: exiting, bye-bye!
[10-Apr-2021 18:42:01] NOTICE: fpm is running, pid 1120
[10-Apr-2021 18:42:01] NOTICE: ready to handle connections
[10-Apr-2021 21:15:35] NOTICE: Terminating ...
[10-Apr-2021 21:15:35] NOTICE: Terminating ...
[10-Apr-2021 21:15:35] NOTICE: exiting, bye-bye!
[11-Apr-2021 12:23:29] NOTICE: fpm is running, pid 968
[11-Apr-2021 12:23:29] NOTICE: ready to handle connections
[11-Apr-2021 12:45:16] NOTICE: Terminating ...
[11-Apr-2021 12:45:16] NOTICE: Terminating ...
[11-Apr-2021 12:45:16] NOTICE: exiting, bye-bye!
[11-Apr-2021 17:32:52] NOTICE: fpm is running, pid 1660
[11-Apr-2021 17:32:52] NOTICE: ready to handle connections
[11-Apr-2021 20:24:52] NOTICE: Terminating ...
[11-Apr-2021 20:24:52] NOTICE: Terminating ...
[11-Apr-2021 20:24:52] NOTICE: exiting, bye-bye!
[11-Apr-2021 20:24:54] NOTICE: fpm is running, pid 3515
[11-Apr-2021 20:24:54] NOTICE: ready to handle connections
[11-Apr-2021 22:27:57] NOTICE: Terminating ...
[11-Apr-2021 22:27:57] NOTICE: Terminating ...
[11-Apr-2021 22:27:57] NOTICE: exiting, bye-bye!
[12-Apr-2021 10:46:53] NOTICE: fpm is running, pid 1133
[12-Apr-2021 10:46:53] NOTICE: ready to handle connections
[12-Apr-2021 11:36:56] NOTICE: Terminating ...
[12-Apr-2021 11:36:56] NOTICE: Terminating ...
[12-Apr-2021 11:36:56] NOTICE: exiting, bye-bye!
[12-Apr-2021 15:17:27] NOTICE: fpm is running, pid 695
[12-Apr-2021 15:17:27] NOTICE: ready to handle connections
[12-Apr-2021 15:48:51] NOTICE: Terminating ...
[12-Apr-2021 15:48:51] NOTICE: Terminating ...
[12-Apr-2021 15:48:51] NOTICE: exiting, bye-bye!
[13-Apr-2021 10:57:53] NOTICE: fpm is running, pid 678
[13-Apr-2021 10:57:53] NOTICE: ready to handle connections
[13-Apr-2021 11:33:05] NOTICE: Terminating ...
[13-Apr-2021 11:33:05] NOTICE: Terminating ...
[13-Apr-2021 11:33:05] NOTICE: exiting, bye-bye!
[13-Apr-2021 16:27:54] NOTICE: fpm is running, pid 720
[13-Apr-2021 16:27:54] NOTICE: ready to handle connections
[13-Apr-2021 16:46:41] NOTICE: Terminating ...
[13-Apr-2021 16:46:41] NOTICE: Terminating ...
[13-Apr-2021 16:46:41] NOTICE: exiting, bye-bye!
[16-Apr-2021 20:05:08] NOTICE: fpm is running, pid 3650
[16-Apr-2021 20:05:08] NOTICE: ready to handle connections
[16-Apr-2021 21:22:44] NOTICE: Terminating ...
[16-Apr-2021 21:22:44] NOTICE: Terminating ...
[16-Apr-2021 21:22:44] NOTICE: exiting, bye-bye!
[17-Apr-2021 12:27:38] NOTICE: fpm is running, pid 872
[17-Apr-2021 12:27:38] NOTICE: ready to handle connections
[17-Apr-2021 12:51:12] NOTICE: Terminating ...
[17-Apr-2021 12:51:12] NOTICE: Terminating ...
[17-Apr-2021 12:51:12] NOTICE: exiting, bye-bye!
[17-Apr-2021 18:37:38] NOTICE: fpm is running, pid 1347
[17-Apr-2021 18:37:38] NOTICE: ready to handle connections
